<?xml version="1.0" encoding="UTF-8"?>
<!-- Generated by org.testng.reporters.JUnitReportReporter -->
<testsuite skipped="0" hostname="XEN-656" name="packtest.Class1" tests="1" failures="0" timestamp="01 Feb 2018 05:39:48 GMT" time="13.853" errors="0">
  <testcase name="testMethod1" time="13.853" classname="packtest.Class1"/>
</testsuite> <!-- packtest.Class1 -->
