<?xml version="1.0" encoding="UTF-8"?>
<!-- Generated by org.testng.reporters.JUnitReportReporter -->
<testsuite skipped="0" hostname="CSCINDAH503788" name="SmartPortal.Reports.DownloadReport" tests="1" failures="0" timestamp="06 Feb 2018 18:23:56 GMT" time="22.272" errors="0">
  <testcase name="greenCargoReport" time="22.272" classname="SmartPortal.Reports.DownloadReport"/>
</testsuite> <!-- SmartPortal.Reports.DownloadReport -->
